<?xml version="1.0" encoding="UTF-8"?>
<!-- Generated by org.testng.reporters.JUnitReportReporter -->
<testsuite hostname="GUDDU-PC" failures="0" tests="1" name="com.hrms.testscripts.TC_01" time="24.728" errors="0" timestamp="8 Jun 2020 19:11:38 GMT">
  <testcase classname="com.hrms.testscripts.TC_01" name="TC_001" time="24.728"/>
</testsuite> <!-- com.hrms.testscripts.TC_01 -->
